<?xml version="1.0" encoding="UTF-8"?>
<!-- Generated by org.testng.reporters.JUnitXMLReporter -->
<testsuite ignored="0" hostname="LAPTOP-M7NDOE15" failures="1" tests="2" name="firstAssignment" time="83.577" errors="0" timestamp="07 Oct 2020 19:20:06 GMT">
  <testcase classname="scenario_1.AutomationPractice" name="readPrductDetails" time="0.805"/>
  <testcase classname="scenario_1.AutomationPractice" name="validateAddToCart" time="59.697">
    <failure type="java.lang.AssertionError" message="expected [null] but found [Faded Short Sleeve T-shirts]">
      <![CDATA[java.lang.AssertionError: expected [null] but found [Faded Short Sleeve T-shirts]
at scenario_1.AutomationPractice.validateAddToCart(AutomationPractice.java:65)
... Removed 31 stack frames]]>
    </failure>
  </testcase> <!-- validateAddToCart -->
</testsuite> <!-- firstAssignment -->
